
> frontend@0.1.0 build
> next build

  ▲ Next.js 14.2.4

   Creating an optimized production build ...

warn - The `content` option in your Tailwind CSS configuration is missing or empty.
warn - Configure your content sources or your generated CSS will be missing styles.
warn - https://tailwindcss.com/docs/content-configuration
<w> [webpack.cache.PackFileCacheStrategy] Skipped not serializable cache item 'Compilation/modules|/home/diana/websockets-example/frontend/node_modules/next/dist/build/webpack/loaders/css-loader/src/index.js??ruleSet[1].rules[13].oneOf[12].use[2]!/home/diana/websockets-example/frontend/node_modules/next/dist/build/webpack/loaders/postcss-loader/src/index.js??ruleSet[1].rules[13].oneOf[12].use[3]!/home/diana/websockets-example/frontend/src/app/globals.css': No serializer registered for PostCSSSyntaxError
<w> while serializing webpack/lib/cache/PackFileCacheStrategy.PackContentItems -> webpack/lib/NormalModule -> webpack/lib/ModuleBuildError -> PostCSSSyntaxError
Failed to compile.

./src/app/globals.css:1:1
Syntax error: /home/diana/websockets-example/frontend/src/app/globals.css The `border-border` class does not exist. If `border-border` is a custom class, make sure it is defined within a `@layer` directive.

> 1 | @tailwind base;
    | ^
  2 | @tailwind components;
  3 | @tailwind utilities;

./src/app/globals.css
Syntax error: /home/diana/websockets-example/frontend/src/app/globals.css The `border-border` class does not exist. If `border-border` is a custom class, make sure it is defined within a `@layer` directive. (1:1)

> 1 | @tailwind base;
    | ^
  2 | @tailwind components;
  3 | @tailwind utilities;

    at tryRunOrWebpackError (/home/diana/websockets-example/frontend/node_modules/next/dist/compiled/webpack/bundle5.js:28:312989)
    at __webpack_require_module__ (/home/diana/websockets-example/frontend/node_modules/next/dist/compiled/webpack/bundle5.js:28:131165)
    at __nested_webpack_require_153728__ (/home/diana/websockets-example/frontend/node_modules/next/dist/compiled/webpack/bundle5.js:28:130607)
    at /home/diana/websockets-example/frontend/node_modules/next/dist/compiled/webpack/bundle5.js:28:131454
    at symbolIterator (/home/diana/websockets-example/frontend/node_modules/next/dist/compiled/neo-async/async.js:1:14444)
    at done (/home/diana/websockets-example/frontend/node_modules/next/dist/compiled/neo-async/async.js:1:14824)
    at Hook.eval [as callAsync] (eval at create (/home/diana/websockets-example/frontend/node_modules/next/dist/compiled/webpack/bundle5.js:13:28858), <anonymous>:15:1)
    at Hook.CALL_ASYNC_DELEGATE [as _callAsync] (/home/diana/websockets-example/frontend/node_modules/next/dist/compiled/webpack/bundle5.js:13:26012)
    at /home/diana/websockets-example/frontend/node_modules/next/dist/compiled/webpack/bundle5.js:28:130328
    at symbolIterator (/home/diana/websockets-example/frontend/node_modules/next/dist/compiled/neo-async/async.js:1:14402)
-- inner error --
Syntax error: /home/diana/websockets-example/frontend/src/app/globals.css The `border-border` class does not exist. If `border-border` is a custom class, make sure it is defined within a `@layer` directive. (1:1)

> 1 | @tailwind base;
    | ^
  2 | @tailwind components;
  3 | @tailwind utilities;

    at Object.<anonymous> (/home/diana/websockets-example/frontend/node_modules/next/dist/build/webpack/loaders/css-loader/src/index.js??ruleSet[1].rules[13].oneOf[12].use[2]!/home/diana/websockets-example/frontend/node_modules/next/dist/build/webpack/loaders/postcss-loader/src/index.js??ruleSet[1].rules[13].oneOf[12].use[3]!/home/diana/websockets-example/frontend/src/app/globals.css:1:7)
    at /home/diana/websockets-example/frontend/node_modules/next/dist/compiled/webpack/bundle5.js:28:922493
    at Hook.eval [as call] (eval at create (/home/diana/websockets-example/frontend/node_modules/next/dist/compiled/webpack/bundle5.js:13:28636), <anonymous>:7:1)
    at Hook.CALL_DELEGATE [as _call] (/home/diana/websockets-example/frontend/node_modules/next/dist/compiled/webpack/bundle5.js:13:25906)
    at /home/diana/websockets-example/frontend/node_modules/next/dist/compiled/webpack/bundle5.js:28:131198
    at tryRunOrWebpackError (/home/diana/websockets-example/frontend/node_modules/next/dist/compiled/webpack/bundle5.js:28:312943)
    at __webpack_require_module__ (/home/diana/websockets-example/frontend/node_modules/next/dist/compiled/webpack/bundle5.js:28:131165)
    at __nested_webpack_require_153728__ (/home/diana/websockets-example/frontend/node_modules/next/dist/compiled/webpack/bundle5.js:28:130607)
    at /home/diana/websockets-example/frontend/node_modules/next/dist/compiled/webpack/bundle5.js:28:131454
    at symbolIterator (/home/diana/websockets-example/frontend/node_modules/next/dist/compiled/neo-async/async.js:1:14444)

Generated code for /home/diana/websockets-example/frontend/node_modules/next/dist/build/webpack/loaders/css-loader/src/index.js??ruleSet[1].rules[13].oneOf[12].use[2]!/home/diana/websockets-example/frontend/node_modules/next/dist/build/webpack/loaders/postcss-loader/src/index.js??ruleSet[1].rules[13].oneOf[12].use[3]!/home/diana/websockets-example/frontend/src/app/globals.css

Import trace for requested module:
./src/app/globals.css


> Build failed because of webpack errors
